# JRE version: Java(TM) SE Runtime Environment (8.0_91-b15) (build 1.8.0_91-b15)
# Java VM: Java HotSpot(TM) 64-Bit Server VM (25.91-b15 mixed mode windows-amd64 compressed oops)
Heap:
 PSYoungGen      total 236544K, used 6380K [0x00000000d6000000, 0x00000000e6480000, 0x0000000100000000)
  eden space 215552K, 2% used [0x00000000d6000000,0x00000000d663b178,0x00000000e3280000)
  from space 20992K, 0% used [0x00000000e4a00000,0x00000000e4a00000,0x00000000e5e80000)
  to   space 24064K, 0% used [0x00000000e3280000,0x00000000e3280000,0x00000000e4a00000)
 ParOldGen       total 71680K, used 34556K [0x0000000082000000, 0x0000000086600000, 0x00000000d6000000)
  object space 71680K, 48% used [0x0000000082000000,0x00000000841bf138,0x0000000086600000)
 Metaspace       used 25799K, capacity 26504K, committed 27312K, reserved 1073152K
  class space    used 2977K, capacity 3115K, committed 3248K, reserved 1048576K
GC Heap History (10 events):
Event: 6.435 GC heap before
{Heap before GC invocations=6 (full 0):
 PSYoungGen      total 70656K, used 66339K [0x00000000d6000000, 0x00000000df800000, 0x0000000100000000)
  eden space 65536K, 93% used [0x00000000d6000000,0x00000000d9bc8ed8,0x00000000da000000)
  from space 5120K, 100% used [0x00000000da000000,0x00000000da500000,0x00000000da500000)
  to   space 12288K, 0% used [0x00000000dec00000,0x00000000dec00000,0x00000000df800000)
 ParOldGen       total 86016K, used 14483K [0x0000000082000000, 0x0000000087400000, 0x00000000d6000000)
  object space 86016K, 16% used [0x0000000082000000,0x0000000082e24c58,0x0000000087400000)
 Metaspace       used 20789K, capacity 21260K, committed 21296K, reserved 1069056K
  class space    used 2459K, capacity 2590K, committed 2608K, reserved 1048576K
Event: 6.677 GC heap after
Heap after GC invocations=6 (full 0):
 PSYoungGen      total 141312K, used 12258K [0x00000000d6000000, 0x00000000dfc00000, 0x0000000100000000)
  eden space 129024K, 0% used [0x00000000d6000000,0x00000000d6000000,0x00000000dde00000)
  from space 12288K, 99% used [0x00000000dec00000,0x00000000df7f8bf0,0x00000000df800000)
  to   space 14336K, 0% used [0x00000000dde00000,0x00000000dde00000,0x00000000dec00000)
 ParOldGen       total 86016K, used 14723K [0x0000000082000000, 0x0000000087400000, 0x00000000d6000000)
  object space 86016K, 17% used [0x0000000082000000,0x0000000082e60ec0,0x0000000087400000)
 Metaspace       used 20789K, capacity 21260K, committed 21296K, reserved 1069056K
  class space    used 2459K, capacity 2590K, committed 2608K, reserved 1048576K
}
Event: 6.677 GC heap before
{Heap before GC invocations=7 (full 1):
 PSYoungGen      total 141312K, used 12258K [0x00000000d6000000, 0x00000000dfc00000, 0x0000000100000000)
  eden space 129024K, 0% used [0x00000000d6000000,0x00000000d6000000,0x00000000dde00000)
  from space 12288K, 99% used [0x00000000dec00000,0x00000000df7f8bf0,0x00000000df800000)
  to   space 14336K, 0% used [0x00000000dde00000,0x00000000dde00000,0x00000000dec00000)
 ParOldGen       total 86016K, used 14723K [0x0000000082000000, 0x0000000087400000, 0x00000000d6000000)
  object space 86016K, 17% used [0x0000000082000000,0x0000000082e60ec0,0x0000000087400000)
 Metaspace       used 20789K, capacity 21260K, committed 21296K, reserved 1069056K
  class space    used 2459K, capacity 2590K, committed 2608K, reserved 1048576K
Event: 6.813 GC heap after
Heap after GC invocations=7 (full 1):
 PSYoungGen      total 141312K, used 0K [0x00000000d6000000, 0x00000000dfc00000, 0x0000000100000000)
  eden space 129024K, 0% used [0x00000000d6000000,0x00000000d6000000,0x00000000dde00000)
  from space 12288K, 0% used [0x00000000dec00000,0x00000000dec00000,0x00000000df800000)
  to   space 14336K, 0% used [0x00000000dde00000,0x00000000dde00000,0x00000000dec00000)
 ParOldGen       total 71680K, used 23271K [0x0000000082000000, 0x0000000086600000, 0x00000000d6000000)
  object space 71680K, 32% used [0x0000000082000000,0x00000000836b9ca8,0x0000000086600000)
 Metaspace       used 20789K, capacity 21260K, committed 21296K, reserved 1069056K
  class space    used 2459K, capacity 2590K, committed 2608K, reserved 1048576K
}
Event: 8.406 GC heap before
{Heap before GC invocations=8 (full 1):
 PSYoungGen      total 141312K, used 129024K [0x00000000d6000000, 0x00000000dfc00000, 0x0000000100000000)
  eden space 129024K, 100% used [0x00000000d6000000,0x00000000dde00000,0x00000000dde00000)
  from space 12288K, 0% used [0x00000000dec00000,0x00000000dec00000,0x00000000df800000)
  to   space 14336K, 0% used [0x00000000dde00000,0x00000000dde00000,0x00000000dec00000)
 ParOldGen       total 71680K, used 23271K [0x0000000082000000, 0x0000000086600000, 0x00000000d6000000)
  object space 71680K, 32% used [0x0000000082000000,0x00000000836b9ca8,0x0000000086600000)
 Metaspace       used 23742K, capacity 24358K, committed 24368K, reserved 1071104K
  class space    used 2719K, capacity 2855K, committed 2864K, reserved 1048576K
Event: 8.424 GC heap after
Heap after GC invocations=8 (full 1):
 PSYoungGen      total 143360K, used 14320K [0x00000000d6000000, 0x00000000e5e80000, 0x0000000100000000)
  eden space 129024K, 0% used [0x00000000d6000000,0x00000000d6000000,0x00000000dde00000)
  from space 14336K, 99% used [0x00000000dde00000,0x00000000debfc1a8,0x00000000dec00000)
  to   space 20992K, 0% used [0x00000000e4a00000,0x00000000e4a00000,0x00000000e5e80000)
 ParOldGen       total 71680K, used 32592K [0x0000000082000000, 0x0000000086600000, 0x00000000d6000000)
  object space 71680K, 45% used [0x0000000082000000,0x0000000083fd4298,0x0000000086600000)
 Metaspace       used 23742K, capacity 24358K, committed 24368K, reserved 1071104K
  class space    used 2719K, capacity 2855K, committed 2864K, reserved 1048576K
}
Event: 14.897 GC heap before
{Heap before GC invocations=9 (full 1):
 PSYoungGen      total 143360K, used 106160K [0x00000000d6000000, 0x00000000e5e80000, 0x0000000100000000)
  eden space 129024K, 71% used [0x00000000d6000000,0x00000000db9afe70,0x00000000dde00000)
  from space 14336K, 99% used [0x00000000dde00000,0x00000000debfc1a8,0x00000000dec00000)
  to   space 20992K, 0% used [0x00000000e4a00000,0x00000000e4a00000,0x00000000e5e80000)
 ParOldGen       total 71680K, used 32592K [0x0000000082000000, 0x0000000086600000, 0x00000000d6000000)
  object space 71680K, 45% used [0x0000000082000000,0x0000000083fd4298,0x0000000086600000)
 Metaspace       used 26346K, capacity 27132K, committed 27312K, reserved 1073152K
  class space    used 3065K, capacity 3219K, committed 3248K, reserved 1048576K
Event: 14.925 GC heap after
Heap after GC invocations=9 (full 1):
 PSYoungGen      total 236544K, used 20986K [0x00000000d6000000, 0x00000000e6480000, 0x0000000100000000)
  eden space 215552K, 0% used [0x00000000d6000000,0x00000000d6000000,0x00000000e3280000)
  from space 20992K, 99% used [0x00000000e4a00000,0x00000000e5e7eb08,0x00000000e5e80000)
  to   space 24064K, 0% used [0x00000000e3280000,0x00000000e3280000,0x00000000e4a00000)
 ParOldGen       total 71680K, used 32696K [0x0000000082000000, 0x0000000086600000, 0x00000000d6000000)
  object space 71680K, 45% used [0x0000000082000000,0x0000000083fee1f8,0x0000000086600000)
 Metaspace       used 26346K, capacity 27132K, committed 27312K, reserved 1073152K
  class space    used 3065K, capacity 3219K, committed 3248K, reserved 1048576K
}
Event: 14.925 GC heap before
{Heap before GC invocations=10 (full 2):
 PSYoungGen      total 236544K, used 20986K [0x00000000d6000000, 0x00000000e6480000, 0x0000000100000000)
  eden space 215552K, 0% used [0x00000000d6000000,0x00000000d6000000,0x00000000e3280000)
  from space 20992K, 99% used [0x00000000e4a00000,0x00000000e5e7eb08,0x00000000e5e80000)
  to   space 24064K, 0% used [0x00000000e3280000,0x00000000e3280000,0x00000000e4a00000)
 ParOldGen       total 71680K, used 32696K [0x0000000082000000, 0x0000000086600000, 0x00000000d6000000)
  object space 71680K, 45% used [0x0000000082000000,0x0000000083fee1f8,0x0000000086600000)
 Metaspace       used 26346K, capacity 27132K, committed 27312K, reserved 1073152K
  class space    used 3065K, capacity 3219K, committed 3248K, reserved 1048576K
Event: 15.044 GC heap after
Heap after GC invocations=10 (full 2):
 PSYoungGen      total 236544K, used 0K [0x00000000d6000000, 0x00000000e6480000, 0x0000000100000000)
  eden space 215552K, 0% used [0x00000000d6000000,0x00000000d6000000,0x00000000e3280000)
  from space 20992K, 0% used [0x00000000e4a00000,0x00000000e4a00000,0x00000000e5e80000)
  to   space 24064K, 0% used [0x00000000e3280000,0x00000000e3280000,0x00000000e4a00000)
 ParOldGen       total 71680K, used 34556K [0x0000000082000000, 0x0000000086600000, 0x00000000d6000000)
  object space 71680K, 48% used [0x0000000082000000,0x00000000841bf138,0x0000000086600000)
 Metaspace       used 25793K, capacity 26504K, committed 27312K, reserved 1073152K
  class space    used 2976K, capacity 3115K, committed 3248K, reserved 1048576K
}

