# JRE version: Java(TM) SE Runtime Environment (8.0_60-b27) (build 1.8.0_60-b27)
# Java VM: Java HotSpot(TM) 64-Bit Server VM (25.60-b23 mixed mode windows-amd64 compressed oops)
Heap:
 PSYoungGen      total 176128K, used 4307K [0x000000076b400000, 0x000000077bf00000, 0x00000007c0000000)
  eden space 165376K, 2% used [0x000000076b400000,0x000000076b834cf8,0x0000000775580000)
  from space 10752K, 0% used [0x000000077b400000,0x000000077b400000,0x000000077be80000)
  to   space 512K, 0% used [0x000000077be80000,0x000000077be80000,0x000000077bf00000)
 ParOldGen       total 144384K, used 34482K [0x00000006c1c00000, 0x00000006ca900000, 0x000000076b400000)
  object space 144384K, 23% used [0x00000006c1c00000,0x00000006c3dac8c0,0x00000006ca900000)
 Metaspace       used 25922K, capacity 26638K, committed 27440K, reserved 1073152K
  class space    used 3009K, capacity 3180K, committed 3376K, reserved 1048576K
GC Heap History (10 events):
Event: 2.837 GC heap before
{Heap before GC invocations=3 (full 0):
 PSYoungGen      total 141824K, used 139349K [0x000000076b400000, 0x0000000774900000, 0x00000007c0000000)
  eden space 131072K, 98% used [0x000000076b400000,0x0000000773199ba8,0x0000000773400000)
  from space 10752K, 99% used [0x0000000773e80000,0x00000007748fb9e8,0x0000000774900000)
  to   space 10752K, 0% used [0x0000000773400000,0x0000000773400000,0x0000000773e80000)
 ParOldGen       total 175104K, used 1315K [0x00000006c1c00000, 0x00000006cc700000, 0x000000076b400000)
  object space 175104K, 0% used [0x00000006c1c00000,0x00000006c1d48fd8,0x00000006cc700000)
 Metaspace       used 20774K, capacity 21266K, committed 21296K, reserved 1069056K
  class space    used 2471K, capacity 2591K, committed 2608K, reserved 1048576K
Event: 2.880 GC heap after
Heap after GC invocations=3 (full 0):
 PSYoungGen      total 141824K, used 10738K [0x000000076b400000, 0x000000077c900000, 0x00000007c0000000)
  eden space 131072K, 0% used [0x000000076b400000,0x000000076b400000,0x0000000773400000)
  from space 10752K, 99% used [0x0000000773400000,0x0000000773e7cab0,0x0000000773e80000)
  to   space 10752K, 0% used [0x000000077be80000,0x000000077be80000,0x000000077c900000)
 ParOldGen       total 175104K, used 11395K [0x00000006c1c00000, 0x00000006cc700000, 0x000000076b400000)
  object space 175104K, 6% used [0x00000006c1c00000,0x00000006c2720e58,0x00000006cc700000)
 Metaspace       used 20774K, capacity 21266K, committed 21296K, reserved 1069056K
  class space    used 2471K, capacity 2591K, committed 2608K, reserved 1048576K
}
Event: 2.880 GC heap before
{Heap before GC invocations=4 (full 1):
 PSYoungGen      total 141824K, used 10738K [0x000000076b400000, 0x000000077c900000, 0x00000007c0000000)
  eden space 131072K, 0% used [0x000000076b400000,0x000000076b400000,0x0000000773400000)
  from space 10752K, 99% used [0x0000000773400000,0x0000000773e7cab0,0x0000000773e80000)
  to   space 10752K, 0% used [0x000000077be80000,0x000000077be80000,0x000000077c900000)
 ParOldGen       total 175104K, used 11395K [0x00000006c1c00000, 0x00000006cc700000, 0x000000076b400000)
  object space 175104K, 6% used [0x00000006c1c00000,0x00000006c2720e58,0x00000006cc700000)
 Metaspace       used 20774K, capacity 21266K, committed 21296K, reserved 1069056K
  class space    used 2471K, capacity 2591K, committed 2608K, reserved 1048576K
Event: 3.039 GC heap after
Heap after GC invocations=4 (full 1):
 PSYoungGen      total 141824K, used 0K [0x000000076b400000, 0x000000077c900000, 0x00000007c0000000)
  eden space 131072K, 0% used [0x000000076b400000,0x000000076b400000,0x0000000773400000)
  from space 10752K, 0% used [0x0000000773400000,0x0000000773400000,0x0000000773e80000)
  to   space 10752K, 0% used [0x000000077be80000,0x000000077be80000,0x000000077c900000)
 ParOldGen       total 144384K, used 20643K [0x00000006c1c00000, 0x00000006ca900000, 0x000000076b400000)
  object space 144384K, 14% used [0x00000006c1c00000,0x00000006c3028d10,0x00000006ca900000)
 Metaspace       used 20774K, capacity 21266K, committed 21296K, reserved 1069056K
  class space    used 2471K, capacity 2591K, committed 2608K, reserved 1048576K
}
Event: 4.302 GC heap before
{Heap before GC invocations=5 (full 1):
 PSYoungGen      total 141824K, used 131072K [0x000000076b400000, 0x000000077c900000, 0x00000007c0000000)
  eden space 131072K, 100% used [0x000000076b400000,0x0000000773400000,0x0000000773400000)
  from space 10752K, 0% used [0x0000000773400000,0x0000000773400000,0x0000000773e80000)
  to   space 10752K, 0% used [0x000000077be80000,0x000000077be80000,0x000000077c900000)
 ParOldGen       total 144384K, used 20643K [0x00000006c1c00000, 0x00000006ca900000, 0x000000076b400000)
  object space 144384K, 14% used [0x00000006c1c00000,0x00000006c3028d10,0x00000006ca900000)
 Metaspace       used 23901K, capacity 24524K, committed 24752K, reserved 1071104K
  class space    used 2751K, capacity 2888K, committed 2992K, reserved 1048576K
Event: 4.321 GC heap after
Heap after GC invocations=5 (full 1):
 PSYoungGen      total 176128K, used 10727K [0x000000076b400000, 0x000000077c900000, 0x00000007c0000000)
  eden space 165376K, 0% used [0x000000076b400000,0x000000076b400000,0x0000000775580000)
  from space 10752K, 99% used [0x000000077be80000,0x000000077c8f9c08,0x000000077c900000)
  to   space 10752K, 0% used [0x000000077b400000,0x000000077b400000,0x000000077be80000)
 ParOldGen       total 144384K, used 33984K [0x00000006c1c00000, 0x00000006ca900000, 0x000000076b400000)
  object space 144384K, 23% used [0x00000006c1c00000,0x00000006c3d30088,0x00000006ca900000)
 Metaspace       used 23901K, capacity 24524K, committed 24752K, reserved 1071104K
  class space    used 2751K, capacity 2888K, committed 2992K, reserved 1048576K
}
Event: 5.276 GC heap before
{Heap before GC invocations=6 (full 1):
 PSYoungGen      total 176128K, used 104719K [0x000000076b400000, 0x000000077c900000, 0x00000007c0000000)
  eden space 165376K, 56% used [0x000000076b400000,0x0000000770fca208,0x0000000775580000)
  from space 10752K, 99% used [0x000000077be80000,0x000000077c8f9c08,0x000000077c900000)
  to   space 10752K, 0% used [0x000000077b400000,0x000000077b400000,0x000000077be80000)
 ParOldGen       total 144384K, used 33984K [0x00000006c1c00000, 0x00000006ca900000, 0x000000076b400000)
  object space 144384K, 23% used [0x00000006c1c00000,0x00000006c3d30088,0x00000006ca900000)
 Metaspace       used 26471K, capacity 27266K, committed 27440K, reserved 1073152K
  class space    used 3097K, capacity 3284K, committed 3376K, reserved 1048576K
Event: 5.296 GC heap after
Heap after GC invocations=6 (full 1):
 PSYoungGen      total 176128K, used 10727K [0x000000076b400000, 0x000000077bf00000, 0x00000007c0000000)
  eden space 165376K, 0% used [0x000000076b400000,0x000000076b400000,0x0000000775580000)
  from space 10752K, 99% used [0x000000077b400000,0x000000077be79fb8,0x000000077be80000)
  to   space 512K, 0% used [0x000000077be80000,0x000000077be80000,0x000000077bf00000)
 ParOldGen       total 144384K, used 40678K [0x00000006c1c00000, 0x00000006ca900000, 0x000000076b400000)
  object space 144384K, 28% used [0x00000006c1c00000,0x00000006c43b9a60,0x00000006ca900000)
 Metaspace       used 26471K, capacity 27266K, committed 27440K, reserved 1073152K
  class space    used 3097K, capacity 3284K, committed 3376K, reserved 1048576K
}
Event: 5.296 GC heap before
{Heap before GC invocations=7 (full 2):
 PSYoungGen      total 176128K, used 10727K [0x000000076b400000, 0x000000077bf00000, 0x00000007c0000000)
  eden space 165376K, 0% used [0x000000076b400000,0x000000076b400000,0x0000000775580000)
  from space 10752K, 99% used [0x000000077b400000,0x000000077be79fb8,0x000000077be80000)
  to   space 512K, 0% used [0x000000077be80000,0x000000077be80000,0x000000077bf00000)
 ParOldGen       total 144384K, used 40678K [0x00000006c1c00000, 0x00000006ca900000, 0x000000076b400000)
  object space 144384K, 28% used [0x00000006c1c00000,0x00000006c43b9a60,0x00000006ca900000)
 Metaspace       used 26471K, capacity 27266K, committed 27440K, reserved 1073152K
  class space    used 3097K, capacity 3284K, committed 3376K, reserved 1048576K
Event: 5.387 GC heap after
Heap after GC invocations=7 (full 2):
 PSYoungGen      total 176128K, used 0K [0x000000076b400000, 0x000000077bf00000, 0x00000007c0000000)
  eden space 165376K, 0% used [0x000000076b400000,0x000000076b400000,0x0000000775580000)
  from space 10752K, 0% used [0x000000077b400000,0x000000077b400000,0x000000077be80000)
  to   space 512K, 0% used [0x000000077be80000,0x000000077be80000,0x000000077bf00000)
 ParOldGen       total 144384K, used 34482K [0x00000006c1c00000, 0x00000006ca900000, 0x000000076b400000)
  object space 144384K, 23% used [0x00000006c1c00000,0x00000006c3dac8c0,0x00000006ca900000)
 Metaspace       used 25917K, capacity 26638K, committed 27440K, reserved 1073152K
  class space    used 3009K, capacity 3180K, committed 3376K, reserved 1048576K
}

