# JRE version: Java(TM) SE Runtime Environment (8.0_91-b15) (build 1.8.0_91-b15)
# Java VM: Java HotSpot(TM) 64-Bit Server VM (25.91-b15 mixed mode windows-amd64 compressed oops)
Heap:
 PSYoungGen      total 369664K, used 16605K [0x00000000d6000000, 0x00000000ef580000, 0x0000000100000000)
  eden space 333312K, 4% used [0x00000000d6000000,0x00000000d7037658,0x00000000ea580000)
  from space 36352K, 0% used [0x00000000ecc00000,0x00000000ecc00000,0x00000000eef80000)
  to   space 39424K, 0% used [0x00000000ea580000,0x00000000ea580000,0x00000000ecc00000)
 ParOldGen       total 74752K, used 32712K [0x0000000082000000, 0x0000000086900000, 0x00000000d6000000)
  object space 74752K, 43% used [0x0000000082000000,0x0000000083ff21c8,0x0000000086900000)
 Metaspace       used 30664K, capacity 31424K, committed 32128K, reserved 1077248K
  class space    used 3387K, capacity 3597K, committed 3712K, reserved 1048576K
GC Heap History (10 events):
Event: 7.743 GC heap before
{Heap before GC invocations=6 (full 1):
 PSYoungGen      total 136192K, used 5113K [0x00000000d6000000, 0x00000000e7e00000, 0x0000000100000000)
  eden space 131072K, 0% used [0x00000000d6000000,0x00000000d6000000,0x00000000de000000)
  from space 5120K, 99% used [0x00000000de000000,0x00000000de4fe470,0x00000000de500000)
  to   space 15360K, 0% used [0x00000000e6f00000,0x00000000e6f00000,0x00000000e7e00000)
 ParOldGen       total 86016K, used 17586K [0x0000000082000000, 0x0000000087400000, 0x00000000d6000000)
  object space 86016K, 20% used [0x0000000082000000,0x000000008312c968,0x0000000087400000)
 Metaspace       used 20653K, capacity 21088K, committed 21248K, reserved 1069056K
  class space    used 2382K, capacity 2518K, committed 2560K, reserved 1048576K
Event: 7.807 GC heap after
Heap after GC invocations=6 (full 1):
 PSYoungGen      total 136192K, used 0K [0x00000000d6000000, 0x00000000e7e00000, 0x0000000100000000)
  eden space 131072K, 0% used [0x00000000d6000000,0x00000000d6000000,0x00000000de000000)
  from space 5120K, 0% used [0x00000000de000000,0x00000000de000000,0x00000000de500000)
  to   space 15360K, 0% used [0x00000000e6f00000,0x00000000e6f00000,0x00000000e7e00000)
 ParOldGen       total 74752K, used 19359K [0x0000000082000000, 0x0000000086900000, 0x00000000d6000000)
  object space 74752K, 25% used [0x0000000082000000,0x00000000832e7db0,0x0000000086900000)
 Metaspace       used 20653K, capacity 21088K, committed 21248K, reserved 1069056K
  class space    used 2382K, capacity 2518K, committed 2560K, reserved 1048576K
}
Event: 11.629 GC heap before
{Heap before GC invocations=7 (full 1):
 PSYoungGen      total 136192K, used 131072K [0x00000000d6000000, 0x00000000e7e00000, 0x0000000100000000)
  eden space 131072K, 100% used [0x00000000d6000000,0x00000000de000000,0x00000000de000000)
  from space 5120K, 0% used [0x00000000de000000,0x00000000de000000,0x00000000de500000)
  to   space 15360K, 0% used [0x00000000e6f00000,0x00000000e6f00000,0x00000000e7e00000)
 ParOldGen       total 74752K, used 19359K [0x0000000082000000, 0x0000000086900000, 0x00000000d6000000)
  object space 74752K, 25% used [0x0000000082000000,0x00000000832e7db0,0x0000000086900000)
 Metaspace       used 26230K, capacity 26816K, committed 27008K, reserved 1073152K
  class space    used 3011K, capacity 3154K, committed 3200K, reserved 1048576K
Event: 11.653 GC heap after
Heap after GC invocations=7 (full 1):
 PSYoungGen      total 225280K, used 15356K [0x00000000d6000000, 0x00000000e7e00000, 0x0000000100000000)
  eden space 209920K, 0% used [0x00000000d6000000,0x00000000d6000000,0x00000000e2d00000)
  from space 15360K, 99% used [0x00000000e6f00000,0x00000000e7dff270,0x00000000e7e00000)
  to   space 23040K, 0% used [0x00000000e5100000,0x00000000e5100000,0x00000000e6780000)
 ParOldGen       total 74752K, used 28335K [0x0000000082000000, 0x0000000086900000, 0x00000000d6000000)
  object space 74752K, 37% used [0x0000000082000000,0x0000000083babc08,0x0000000086900000)
 Metaspace       used 26230K, capacity 26816K, committed 27008K, reserved 1073152K
  class space    used 3011K, capacity 3154K, committed 3200K, reserved 1048576K
}
Event: 14.615 GC heap before
{Heap before GC invocations=8 (full 1):
 PSYoungGen      total 225280K, used 225276K [0x00000000d6000000, 0x00000000e7e00000, 0x0000000100000000)
  eden space 209920K, 100% used [0x00000000d6000000,0x00000000e2d00000,0x00000000e2d00000)
  from space 15360K, 99% used [0x00000000e6f00000,0x00000000e7dff270,0x00000000e7e00000)
  to   space 23040K, 0% used [0x00000000e5100000,0x00000000e5100000,0x00000000e6780000)
 ParOldGen       total 74752K, used 28335K [0x0000000082000000, 0x0000000086900000, 0x00000000d6000000)
  object space 74752K, 37% used [0x0000000082000000,0x0000000083babc08,0x0000000086900000)
 Metaspace       used 29237K, capacity 29940K, committed 30080K, reserved 1075200K
  class space    used 3253K, capacity 3450K, committed 3456K, reserved 1048576K
Event: 14.655 GC heap after
Heap after GC invocations=8 (full 1):
 PSYoungGen      total 269824K, used 23023K [0x00000000d6000000, 0x00000000eef80000, 0x0000000100000000)
  eden space 246784K, 0% used [0x00000000d6000000,0x00000000d6000000,0x00000000e5100000)
  from space 23040K, 99% used [0x00000000e5100000,0x00000000e677bcd0,0x00000000e6780000)
  to   space 36352K, 0% used [0x00000000ecc00000,0x00000000ecc00000,0x00000000eef80000)
 ParOldGen       total 74752K, used 46313K [0x0000000082000000, 0x0000000086900000, 0x00000000d6000000)
  object space 74752K, 61% used [0x0000000082000000,0x0000000084d3a438,0x0000000086900000)
 Metaspace       used 29237K, capacity 29940K, committed 30080K, reserved 1075200K
  class space    used 3253K, capacity 3450K, committed 3456K, reserved 1048576K
}
Event: 17.320 GC heap before
{Heap before GC invocations=9 (full 1):
 PSYoungGen      total 269824K, used 96694K [0x00000000d6000000, 0x00000000eef80000, 0x0000000100000000)
  eden space 246784K, 29% used [0x00000000d6000000,0x00000000da7f1df0,0x00000000e5100000)
  from space 23040K, 99% used [0x00000000e5100000,0x00000000e677bcd0,0x00000000e6780000)
  to   space 36352K, 0% used [0x00000000ecc00000,0x00000000ecc00000,0x00000000eef80000)
 ParOldGen       total 74752K, used 46313K [0x0000000082000000, 0x0000000086900000, 0x00000000d6000000)
  object space 74752K, 61% used [0x0000000082000000,0x0000000084d3a438,0x0000000086900000)
 Metaspace       used 31210K, capacity 32052K, committed 32128K, reserved 1077248K
  class space    used 3475K, capacity 3701K, committed 3712K, reserved 1048576K
Event: 17.359 GC heap after
Heap after GC invocations=9 (full 1):
 PSYoungGen      total 369664K, used 27757K [0x00000000d6000000, 0x00000000ef580000, 0x0000000100000000)
  eden space 333312K, 0% used [0x00000000d6000000,0x00000000d6000000,0x00000000ea580000)
  from space 36352K, 76% used [0x00000000ecc00000,0x00000000ee71b7d0,0x00000000eef80000)
  to   space 39424K, 0% used [0x00000000ea580000,0x00000000ea580000,0x00000000ecc00000)
 ParOldGen       total 74752K, used 46321K [0x0000000082000000, 0x0000000086900000, 0x00000000d6000000)
  object space 74752K, 61% used [0x0000000082000000,0x0000000084d3c438,0x0000000086900000)
 Metaspace       used 31210K, capacity 32052K, committed 32128K, reserved 1077248K
  class space    used 3475K, capacity 3701K, committed 3712K, reserved 1048576K
}
Event: 17.359 GC heap before
{Heap before GC invocations=10 (full 2):
 PSYoungGen      total 369664K, used 27757K [0x00000000d6000000, 0x00000000ef580000, 0x0000000100000000)
  eden space 333312K, 0% used [0x00000000d6000000,0x00000000d6000000,0x00000000ea580000)
  from space 36352K, 76% used [0x00000000ecc00000,0x00000000ee71b7d0,0x00000000eef80000)
  to   space 39424K, 0% used [0x00000000ea580000,0x00000000ea580000,0x00000000ecc00000)
 ParOldGen       total 74752K, used 46321K [0x0000000082000000, 0x0000000086900000, 0x00000000d6000000)
  object space 74752K, 61% used [0x0000000082000000,0x0000000084d3c438,0x0000000086900000)
 Metaspace       used 31210K, capacity 32052K, committed 32128K, reserved 1077248K
  class space    used 3475K, capacity 3701K, committed 3712K, reserved 1048576K
Event: 17.511 GC heap after
Heap after GC invocations=10 (full 2):
 PSYoungGen      total 369664K, used 0K [0x00000000d6000000, 0x00000000ef580000, 0x0000000100000000)
  eden space 333312K, 0% used [0x00000000d6000000,0x00000000d6000000,0x00000000ea580000)
  from space 36352K, 0% used [0x00000000ecc00000,0x00000000ecc00000,0x00000000eef80000)
  to   space 39424K, 0% used [0x00000000ea580000,0x00000000ea580000,0x00000000ecc00000)
 ParOldGen       total 74752K, used 32712K [0x0000000082000000, 0x0000000086900000, 0x00000000d6000000)
  object space 74752K, 43% used [0x0000000082000000,0x0000000083ff21c8,0x0000000086900000)
 Metaspace       used 30656K, capacity 31424K, committed 32128K, reserved 1077248K
  class space    used 3386K, capacity 3597K, committed 3712K, reserved 1048576K
}

